CMake Error at /opt/ros/foxy/share/rosidl_adapter/cmake/rosidl_adapt_interfaces.cmake:60 (message):
  execute_process(/usr/bin/python3 -m rosidl_adapter --package-name
  interfaces --arguments-file
  /home/amejiyo/GitHub/DL501Project/build/interfaces/rosidl_adapter__arguments__interfaces.json
  --output-dir
  /home/amejiyo/GitHub/DL501Project/build/interfaces/rosidl_adapter/interfaces
  --output-file
  /home/amejiyo/GitHub/DL501Project/build/interfaces/rosidl_adapter/interfaces.idls)
  returned error code 1:

  Error processing 'float64 confidence //confidencial score' of
  'interfaces/Detect': 'value '//confidencial score' can not be converted to
  type 'float64': must be a floating point number using '.' as the separator'

  Traceback (most recent call last):

    File "/opt/ros/foxy/lib/python3.8/site-packages/rosidl_adapter/parser.py", line 722, in parse_primitive_value_string
      return float(value_string)

  ValueError: could not convert string to float: '//confidencial score'

  

  During handling of the above exception, another exception occurred:

  

  Traceback (most recent call last):

    File "/usr/lib/python3.8/runpy.py", line 194, in _run_module_as_main
      return _run_code(code, main_globals, None,
    File "/usr/lib/python3.8/runpy.py", line 87, in _run_code
      exec(code, run_globals)
    File "/opt/ros/foxy/lib/python3.8/site-packages/rosidl_adapter/__main__.py", line 19, in <module>
      sys.exit(main())
    File "/opt/ros/foxy/lib/python3.8/site-packages/rosidl_adapter/main.py", line 53, in main
      abs_idl_file = convert_to_idl(
    File "/opt/ros/foxy/lib/python3.8/site-packages/rosidl_adapter/__init__.py", line 19, in convert_to_idl
      return convert_msg_to_idl(
    File "/opt/ros/foxy/lib/python3.8/site-packages/rosidl_adapter/msg/__init__.py", line 28, in convert_msg_to_idl
      msg = parse_message_string(package_name, input_file.stem, content)
    File "/opt/ros/foxy/lib/python3.8/site-packages/rosidl_adapter/parser.py", line 515, in parse_message_string
      fields.append(Field(
    File "/opt/ros/foxy/lib/python3.8/site-packages/rosidl_adapter/parser.py", line 360, in __init__
      self.default_value = parse_value_string(
    File "/opt/ros/foxy/lib/python3.8/site-packages/rosidl_adapter/parser.py", line 587, in parse_value_string
      return parse_primitive_value_string(type_, value_string)
    File "/opt/ros/foxy/lib/python3.8/site-packages/rosidl_adapter/parser.py", line 724, in parse_primitive_value_string
      raise InvalidValue(

  rosidl_adapter.parser.InvalidValue: value '//confidencial score' can not be
  converted to type 'float64': must be a floating point number using '.' as
  the separator

Call Stack (most recent call first):
  /opt/ros/foxy/share/rosidl_cmake/cmake/rosidl_generate_interfaces.cmake:130 (rosidl_adapt_interfaces)
  CMakeLists.txt:38 (rosidl_generate_interfaces)


make: *** [Makefile:222: cmake_check_build_system] Error 1
