[0.000000] (-) TimerEvent: {}
[0.000554] (fine_detect) JobQueued: {'identifier': 'fine_detect', 'dependencies': OrderedDict()}
[0.000636] (interfaces) JobQueued: {'identifier': 'interfaces', 'dependencies': OrderedDict()}
[0.000684] (fine_detect) JobStarted: {'identifier': 'fine_detect'}
[0.019927] (interfaces) JobStarted: {'identifier': 'interfaces'}
[0.098387] (-) TimerEvent: {}
[0.198848] (-) TimerEvent: {}
[0.265588] (interfaces) JobProgress: {'identifier': 'interfaces', 'progress': 'cmake'}
[0.266747] (interfaces) JobProgress: {'identifier': 'interfaces', 'progress': 'build'}
[0.268003] (interfaces) Command: {'cmd': ['/usr/bin/cmake', '--build', '/home/amejiyo/GitHub/DL501Project/build/interfaces', '--', '-j16', '-l16'], 'cwd': '/home/amejiyo/GitHub/DL501Project/build/interfaces', 'env': OrderedDict([('LESSOPEN', '| /usr/bin/lesspipe %s'), ('USER', 'amejiyo'), ('LC_TIME', 'th_TH.UTF-8'), ('SSH_AGENT_PID', '1346'), ('XDG_SESSION_TYPE', 'x11'), ('SHLVL', '1'), ('LD_LIBRARY_PATH', '/home/amejiyo/yolobot/install/interfaces/lib:/home/amejiyo/ros2_ws/install/image_geometry/lib:/home/amejiyo/ros2_ws/install/detection_interfaces/lib:/home/amejiyo/ros2_ws/install/detection_interface/lib:/home/amejiyo/ros2_ws/install/cv_bridge/lib:/home/amejiyo/ros2_ws/install/camera_calibration_parsers/lib:/usr/lib/x86_64-linux-gnu/gazebo-11/plugins:/opt/ros/foxy/opt/yaml_cpp_vendor/lib:/opt/ros/foxy/opt/rviz_ogre_vendor/lib:/opt/ros/foxy/lib/x86_64-linux-gnu:/opt/ros/foxy/lib:/usr/local/cuda-10.1/lib64:/usr/local/cuda-10.1/lib64:/usr/lib/x86_64-linux-gnu/gazebo-11/plugins:'), ('HOME', '/home/amejiyo'), ('OLDPWD', '/home/amejiyo/GitHub/DL501Project/src'), ('DESKTOP_SESSION', 'ubuntu'), ('GAZEBO_MASTER_URI', 'http://localhost:11345'), ('ROS_PYTHON_VERSION', '3'), ('GNOME_SHELL_SESSION_MODE', 'ubuntu'), ('GTK_MODULES', 'gail:atk-bridge'), ('LC_MONETARY', 'th_TH.UTF-8'), ('MANAGERPID', '1100'), ('DBUS_STARTER_BUS_TYPE', 'session'), ('DBUS_SESSION_BUS_ADDRESS', 'unix:path=/run/user/1000/bus,guid=dba6df76e73798a05405e039626a4abf'), ('COLORTERM', 'truecolor'), ('IM_CONFIG_PHASE', '1'), ('COLCON_PREFIX_PATH', '/home/amejiyo/GitHub/DL501Project/install:/home/amejiyo/yolobot/install:/home/amejiyo/ros2_ws/install'), ('ROS_DISTRO', 'foxy'), ('LOGNAME', 'amejiyo'), ('JOURNAL_STREAM', '8:38599'), ('_', '/usr/bin/colcon'), ('ROS_VERSION', '2'), ('XDG_SESSION_CLASS', 'user'), ('USERNAME', 'amejiyo'), ('TERM', 'xterm-256color'), ('GAZEBO_MODEL_PATH', '/home/amejiyo/ros2_ws/install/dolly_gazebo/share/dolly_gazebo/models:/usr/share/gazebo-11/models:'), ('GNOME_DESKTOP_SESSION_ID', 'this-is-deprecated'), ('ROS_LOCALHOST_ONLY', '0'), ('WINDOWPATH', '2'), ('OGRE_RESOURCE_PATH', '/usr/lib/x86_64-linux-gnu/OGRE-1.9.0'), ('PATH', '/opt/ros/foxy/bin:/usr/local/cuda-10.1/bin:/usr/local/cuda-10.1/bin:/home/amejiyo/.local/bin:/home/amejiyo/bin:/usr/local/sbin:/usr/local/bin:/usr/sbin:/usr/bin:/sbin:/bin:/usr/games:/usr/local/games:/snap/bin'), ('SESSION_MANAGER', 'local/Ameji-ubuntu:@/tmp/.ICE-unix/1440,unix/Ameji-ubuntu:/tmp/.ICE-unix/1440'), ('INVOCATION_ID', 'ff07b15718b6464ebd3c96f6d60cb45b'), ('XDG_MENU_PREFIX', 'gnome-'), ('LC_ADDRESS', 'th_TH.UTF-8'), ('GNOME_TERMINAL_SCREEN', '/org/gnome/Terminal/screen/5d6bbb0e_6e38_4cf9_b338_34cd90d8a83b'), ('XDG_RUNTIME_DIR', '/run/user/1000'), ('DISPLAY', ':0'), ('IGN_FILE_PATH', '/home/amejiyo/ros2_ws/install/dolly_ignition/share/dolly_ignition/worlds:/home/amejiyo/ros2_ws/install/dolly_ignition/share/dolly_ignition/models'), ('LANG', 'en_US.UTF-8'), ('XDG_CURRENT_DESKTOP', 'ubuntu:GNOME'), ('LC_TELEPHONE', 'th_TH.UTF-8'), ('XMODIFIERS', '@im=ibus'), ('XDG_SESSION_DESKTOP', 'ubuntu'), ('XAUTHORITY', '/run/user/1000/gdm/Xauthority'), ('LS_COLORS', 'rs=0:di=01;34:ln=01;36:mh=00:pi=40;33:so=01;35:do=01;35:bd=40;33;01:cd=40;33;01:or=40;31;01:mi=00:su=37;41:sg=30;43:ca=30;41:tw=30;42:ow=34;42:st=37;44:ex=01;32:*.tar=01;31:*.tgz=01;31:*.arc=01;31:*.arj=01;31:*.taz=01;31:*.lha=01;31:*.lz4=01;31:*.lzh=01;31:*.lzma=01;31:*.tlz=01;31:*.txz=01;31:*.tzo=01;31:*.t7z=01;31:*.zip=01;31:*.z=01;31:*.dz=01;31:*.gz=01;31:*.lrz=01;31:*.lz=01;31:*.lzo=01;31:*.xz=01;31:*.zst=01;31:*.tzst=01;31:*.bz2=01;31:*.bz=01;31:*.tbz=01;31:*.tbz2=01;31:*.tz=01;31:*.deb=01;31:*.rpm=01;31:*.jar=01;31:*.war=01;31:*.ear=01;31:*.sar=01;31:*.rar=01;31:*.alz=01;31:*.ace=01;31:*.zoo=01;31:*.cpio=01;31:*.7z=01;31:*.rz=01;31:*.cab=01;31:*.wim=01;31:*.swm=01;31:*.dwm=01;31:*.esd=01;31:*.jpg=01;35:*.jpeg=01;35:*.mjpg=01;35:*.mjpeg=01;35:*.gif=01;35:*.bmp=01;35:*.pbm=01;35:*.pgm=01;35:*.ppm=01;35:*.tga=01;35:*.xbm=01;35:*.xpm=01;35:*.tif=01;35:*.tiff=01;35:*.png=01;35:*.svg=01;35:*.svgz=01;35:*.mng=01;35:*.pcx=01;35:*.mov=01;35:*.mpg=01;35:*.mpeg=01;35:*.m2v=01;35:*.mkv=01;35:*.webm=01;35:*.ogm=01;35:*.mp4=01;35:*.m4v=01;35:*.mp4v=01;35:*.vob=01;35:*.qt=01;35:*.nuv=01;35:*.wmv=01;35:*.asf=01;35:*.rm=01;35:*.rmvb=01;35:*.flc=01;35:*.avi=01;35:*.fli=01;35:*.flv=01;35:*.gl=01;35:*.dl=01;35:*.xcf=01;35:*.xwd=01;35:*.yuv=01;35:*.cgm=01;35:*.emf=01;35:*.ogv=01;35:*.ogx=01;35:*.aac=00;36:*.au=00;36:*.flac=00;36:*.m4a=00;36:*.mid=00;36:*.midi=00;36:*.mka=00;36:*.mp3=00;36:*.mpc=00;36:*.ogg=00;36:*.ra=00;36:*.wav=00;36:*.oga=00;36:*.opus=00;36:*.spx=00;36:*.xspf=00;36:'), ('GNOME_TERMINAL_SERVICE', ':1.367'), ('SSH_AUTH_SOCK', '/run/user/1000/keyring/ssh'), ('AMENT_PREFIX_PATH', '/home/amejiyo/GitHub/DL501Project/install/interfaces:/home/amejiyo/GitHub/DL501Project/install/fine_detect:/home/amejiyo/yolobot/install/yolobot_recognition:/home/amejiyo/yolobot/install/yolobot_gazebo:/home/amejiyo/yolobot/install/yolobot_description:/home/amejiyo/yolobot/install/yolobot_control:/home/amejiyo/yolobot/install/interfaces:/home/amejiyo/ros2_ws/install/vision_opencv:/home/amejiyo/ros2_ws/install/py_pubsub:/home/amejiyo/ros2_ws/install/opencv_tests:/home/amejiyo/ros2_ws/install/my_package:/home/amejiyo/ros2_ws/install/image_geometry:/home/amejiyo/ros2_ws/install/gazebo_dev:/home/amejiyo/ros2_ws/install/dolly:/home/amejiyo/ros2_ws/install/dolly_ignition:/home/amejiyo/ros2_ws/install/dolly_gazebo:/home/amejiyo/ros2_ws/install/dolly_follow:/home/amejiyo/ros2_ws/install/detection_interfaces:/home/amejiyo/ros2_ws/install/detection_interface:/home/amejiyo/ros2_ws/install/detection:/home/amejiyo/ros2_ws/install/cv_bridge:/home/amejiyo/ros2_ws/install/camera_calibration_parsers:/opt/ros/foxy'), ('SHELL', '/bin/bash'), ('LC_NAME', 'th_TH.UTF-8'), ('QT_ACCESSIBILITY', '1'), ('GDMSESSION', 'ubuntu'), ('LESSCLOSE', '/usr/bin/lesspipe %s %s'), ('IGN_GAZEBO_RESOURCE_PATH', '/home/amejiyo/ros2_ws/install/dolly_ignition/share/dolly_ignition/worlds:/home/amejiyo/ros2_ws/install/dolly_ignition/share/dolly_ignition/models'), ('LC_MEASUREMENT', 'th_TH.UTF-8'), ('GPG_AGENT_INFO', '/run/user/1000/gnupg/S.gpg-agent:0:1'), ('GAZEBO_RESOURCE_PATH', '/home/amejiyo/ros2_ws/install/dolly_gazebo/share/dolly_gazebo/worlds:/usr/share/gazebo-11:'), ('LC_IDENTIFICATION', 'th_TH.UTF-8'), ('GAZEBO_MODEL_DATABASE_URI', 'http://models.gazebosim.org'), ('QT_IM_MODULE', 'ibus'), ('PWD', '/home/amejiyo/GitHub/DL501Project/build/interfaces'), ('LC_ALL', 'en_US.UTF-8'), ('XDG_CONFIG_DIRS', '/etc/xdg/xdg-ubuntu:/etc/xdg'), ('SDF_PATH', '/home/amejiyo/ros2_ws/install/dolly_ignition/share/dolly_ignition/worlds:/home/amejiyo/ros2_ws/install/dolly_ignition/share/dolly_ignition/models'), ('GAZEBO_PLUGIN_PATH', '/usr/lib/x86_64-linux-gnu/gazebo-11/plugins:'), ('DBUS_STARTER_ADDRESS', 'unix:path=/run/user/1000/bus,guid=dba6df76e73798a05405e039626a4abf'), ('XDG_DATA_DIRS', '/usr/share/ubuntu:/usr/local/share/:/usr/share/:/var/lib/snapd/desktop'), ('MESA_GL_VERSION_OVERRIDE', '3.3'), ('PYTHONPATH', '/home/amejiyo/GitHub/DL501Project/install/fine_detect/lib/python3.8/site-packages:/home/amejiyo/yolobot/install/yolobot_recognition/lib/python3.8/site-packages:/home/amejiyo/yolobot/install/interfaces/lib/python3.8/site-packages:/home/amejiyo/ros2_ws/install/py_pubsub/lib/python3.8/site-packages:/home/amejiyo/ros2_ws/install/opencv_tests/lib/python3.8/site-packages:/home/amejiyo/ros2_ws/install/image_geometry/lib/python3.8/site-packages:/home/amejiyo/ros2_ws/install/detection_interfaces/lib/python3.8/site-packages:/home/amejiyo/ros2_ws/install/detection_interface/lib/python3.8/site-packages:/home/amejiyo/ros2_ws/install/detection/lib/python3.8/site-packages:/home/amejiyo/ros2_ws/install/cv_bridge/lib/python3.8/site-packages:/opt/ros/foxy/lib/python3.8/site-packages'), ('LC_NUMERIC', 'th_TH.UTF-8'), ('LC_PAPER', 'th_TH.UTF-8'), ('COLCON', '1'), ('VTE_VERSION', '6003'), ('CMAKE_PREFIX_PATH', '/home/amejiyo/GitHub/DL501Project/install/interfaces:/home/amejiyo/yolobot/install/yolobot_gazebo:/home/amejiyo/yolobot/install/yolobot_description:/home/amejiyo/yolobot/install/yolobot_control:/home/amejiyo/yolobot/install/interfaces:/home/amejiyo/ros2_ws/install/vision_opencv:/home/amejiyo/ros2_ws/install/my_package:/home/amejiyo/ros2_ws/install/image_geometry:/home/amejiyo/ros2_ws/install/gazebo_dev:/home/amejiyo/ros2_ws/install/dolly:/home/amejiyo/ros2_ws/install/dolly_ignition:/home/amejiyo/ros2_ws/install/dolly_gazebo:/home/amejiyo/ros2_ws/install/dolly_follow:/home/amejiyo/ros2_ws/install/detection_interfaces:/home/amejiyo/ros2_ws/install/detection_interface:/home/amejiyo/ros2_ws/install/cv_bridge:/home/amejiyo/ros2_ws/install/camera_calibration_parsers:/home/amejiyo/GitHub/DL501Project/install/fine_detect:/home/amejiyo/yolobot/install/yolobot_recognition:/home/amejiyo/ros2_ws/install/py_pubsub:/home/amejiyo/ros2_ws/install/opencv_tests:/home/amejiyo/ros2_ws/install/detection:/opt/ros/foxy')]), 'shell': False}
[0.299246] (-) TimerEvent: {}
[0.303577] (interfaces) StdoutLine: {'line': b'-- Found ament_cmake: 0.9.9 (/opt/ros/foxy/share/ament_cmake/cmake)\n'}
[0.336315] (interfaces) StdoutLine: {'line': b'-- Found PythonInterp: /usr/bin/python3 (found suitable version "3.8.10", minimum required is "3") \n'}
[0.336561] (interfaces) StdoutLine: {'line': b'-- Using PYTHON_EXECUTABLE: /usr/bin/python3\n'}
[0.399753] (-) TimerEvent: {}
[0.500489] (-) TimerEvent: {}
[0.512149] (interfaces) StdoutLine: {'line': b'-- Found ament_lint_auto: 0.9.6 (/opt/ros/foxy/share/ament_lint_auto/cmake)\n'}
[0.600952] (-) TimerEvent: {}
[0.611759] (interfaces) StdoutLine: {'line': b'-- Found rosidl_default_generators: 1.0.1 (/opt/ros/foxy/share/rosidl_default_generators/cmake)\n'}
[0.617474] (interfaces) StdoutLine: {'line': b'-- Using all available rosidl_typesupport_c: rosidl_typesupport_fastrtps_c;rosidl_typesupport_introspection_c\n'}
[0.620081] (interfaces) StdoutLine: {'line': b'-- Found rosidl_adapter: 1.2.1 (/opt/ros/foxy/share/rosidl_adapter/cmake)\n'}
[0.650305] (fine_detect) Command: {'cmd': ['/usr/bin/python3', 'setup.py', 'egg_info', '--egg-base', '../../build/fine_detect', 'build', '--build-base', '/home/amejiyo/GitHub/DL501Project/build/fine_detect/build', 'install', '--prefix', '/home/amejiyo/GitHub/DL501Project/install/fine_detect', '--record', '/home/amejiyo/GitHub/DL501Project/build/fine_detect/install.log', '--single-version-externally-managed'], 'cwd': '/home/amejiyo/GitHub/DL501Project/src/fine_detect', 'env': {'LESSOPEN': '| /usr/bin/lesspipe %s', 'USER': 'amejiyo', 'LC_TIME': 'th_TH.UTF-8', 'SSH_AGENT_PID': '1346', 'XDG_SESSION_TYPE': 'x11', 'SHLVL': '1', 'LD_LIBRARY_PATH': '/home/amejiyo/yolobot/install/interfaces/lib:/home/amejiyo/ros2_ws/install/image_geometry/lib:/home/amejiyo/ros2_ws/install/detection_interfaces/lib:/home/amejiyo/ros2_ws/install/detection_interface/lib:/home/amejiyo/ros2_ws/install/cv_bridge/lib:/home/amejiyo/ros2_ws/install/camera_calibration_parsers/lib:/usr/lib/x86_64-linux-gnu/gazebo-11/plugins:/opt/ros/foxy/opt/yaml_cpp_vendor/lib:/opt/ros/foxy/opt/rviz_ogre_vendor/lib:/opt/ros/foxy/lib/x86_64-linux-gnu:/opt/ros/foxy/lib:/usr/local/cuda-10.1/lib64:/usr/local/cuda-10.1/lib64:/usr/lib/x86_64-linux-gnu/gazebo-11/plugins:', 'HOME': '/home/amejiyo', 'OLDPWD': '/home/amejiyo/GitHub/DL501Project/src', 'DESKTOP_SESSION': 'ubuntu', 'GAZEBO_MASTER_URI': 'http://localhost:11345', 'ROS_PYTHON_VERSION': '3', 'GNOME_SHELL_SESSION_MODE': 'ubuntu', 'GTK_MODULES': 'gail:atk-bridge', 'LC_MONETARY': 'th_TH.UTF-8', 'MANAGERPID': '1100', 'DBUS_STARTER_BUS_TYPE': 'session', 'DBUS_SESSION_BUS_ADDRESS': 'unix:path=/run/user/1000/bus,guid=dba6df76e73798a05405e039626a4abf', 'COLORTERM': 'truecolor', 'IM_CONFIG_PHASE': '1', 'COLCON_PREFIX_PATH': '/home/amejiyo/GitHub/DL501Project/install:/home/amejiyo/yolobot/install:/home/amejiyo/ros2_ws/install', 'ROS_DISTRO': 'foxy', 'LOGNAME': 'amejiyo', 'JOURNAL_STREAM': '8:38599', '_': '/usr/bin/colcon', 'ROS_VERSION': '2', 'XDG_SESSION_CLASS': 'user', 'USERNAME': 'amejiyo', 'TERM': 'xterm-256color', 'GAZEBO_MODEL_PATH': '/home/amejiyo/ros2_ws/install/dolly_gazebo/share/dolly_gazebo/models:/usr/share/gazebo-11/models:', 'GNOME_DESKTOP_SESSION_ID': 'this-is-deprecated', 'ROS_LOCALHOST_ONLY': '0', 'WINDOWPATH': '2', 'OGRE_RESOURCE_PATH': '/usr/lib/x86_64-linux-gnu/OGRE-1.9.0', 'PATH': '/opt/ros/foxy/bin:/usr/local/cuda-10.1/bin:/usr/local/cuda-10.1/bin:/home/amejiyo/.local/bin:/home/amejiyo/bin:/usr/local/sbin:/usr/local/bin:/usr/sbin:/usr/bin:/sbin:/bin:/usr/games:/usr/local/games:/snap/bin', 'SESSION_MANAGER': 'local/Ameji-ubuntu:@/tmp/.ICE-unix/1440,unix/Ameji-ubuntu:/tmp/.ICE-unix/1440', 'INVOCATION_ID': 'ff07b15718b6464ebd3c96f6d60cb45b', 'XDG_MENU_PREFIX': 'gnome-', 'LC_ADDRESS': 'th_TH.UTF-8', 'GNOME_TERMINAL_SCREEN': '/org/gnome/Terminal/screen/5d6bbb0e_6e38_4cf9_b338_34cd90d8a83b', 'XDG_RUNTIME_DIR': '/run/user/1000', 'DISPLAY': ':0', 'IGN_FILE_PATH': '/home/amejiyo/ros2_ws/install/dolly_ignition/share/dolly_ignition/worlds:/home/amejiyo/ros2_ws/install/dolly_ignition/share/dolly_ignition/models', 'LANG': 'en_US.UTF-8', 'XDG_CURRENT_DESKTOP': 'ubuntu:GNOME', 'LC_TELEPHONE': 'th_TH.UTF-8', 'XMODIFIERS': '@im=ibus', 'XDG_SESSION_DESKTOP': 'ubuntu', 'XAUTHORITY': '/run/user/1000/gdm/Xauthority', 'LS_COLORS': 'rs=0:di=01;34:ln=01;36:mh=00:pi=40;33:so=01;35:do=01;35:bd=40;33;01:cd=40;33;01:or=40;31;01:mi=00:su=37;41:sg=30;43:ca=30;41:tw=30;42:ow=34;42:st=37;44:ex=01;32:*.tar=01;31:*.tgz=01;31:*.arc=01;31:*.arj=01;31:*.taz=01;31:*.lha=01;31:*.lz4=01;31:*.lzh=01;31:*.lzma=01;31:*.tlz=01;31:*.txz=01;31:*.tzo=01;31:*.t7z=01;31:*.zip=01;31:*.z=01;31:*.dz=01;31:*.gz=01;31:*.lrz=01;31:*.lz=01;31:*.lzo=01;31:*.xz=01;31:*.zst=01;31:*.tzst=01;31:*.bz2=01;31:*.bz=01;31:*.tbz=01;31:*.tbz2=01;31:*.tz=01;31:*.deb=01;31:*.rpm=01;31:*.jar=01;31:*.war=01;31:*.ear=01;31:*.sar=01;31:*.rar=01;31:*.alz=01;31:*.ace=01;31:*.zoo=01;31:*.cpio=01;31:*.7z=01;31:*.rz=01;31:*.cab=01;31:*.wim=01;31:*.swm=01;31:*.dwm=01;31:*.esd=01;31:*.jpg=01;35:*.jpeg=01;35:*.mjpg=01;35:*.mjpeg=01;35:*.gif=01;35:*.bmp=01;35:*.pbm=01;35:*.pgm=01;35:*.ppm=01;35:*.tga=01;35:*.xbm=01;35:*.xpm=01;35:*.tif=01;35:*.tiff=01;35:*.png=01;35:*.svg=01;35:*.svgz=01;35:*.mng=01;35:*.pcx=01;35:*.mov=01;35:*.mpg=01;35:*.mpeg=01;35:*.m2v=01;35:*.mkv=01;35:*.webm=01;35:*.ogm=01;35:*.mp4=01;35:*.m4v=01;35:*.mp4v=01;35:*.vob=01;35:*.qt=01;35:*.nuv=01;35:*.wmv=01;35:*.asf=01;35:*.rm=01;35:*.rmvb=01;35:*.flc=01;35:*.avi=01;35:*.fli=01;35:*.flv=01;35:*.gl=01;35:*.dl=01;35:*.xcf=01;35:*.xwd=01;35:*.yuv=01;35:*.cgm=01;35:*.emf=01;35:*.ogv=01;35:*.ogx=01;35:*.aac=00;36:*.au=00;36:*.flac=00;36:*.m4a=00;36:*.mid=00;36:*.midi=00;36:*.mka=00;36:*.mp3=00;36:*.mpc=00;36:*.ogg=00;36:*.ra=00;36:*.wav=00;36:*.oga=00;36:*.opus=00;36:*.spx=00;36:*.xspf=00;36:', 'GNOME_TERMINAL_SERVICE': ':1.367', 'SSH_AUTH_SOCK': '/run/user/1000/keyring/ssh', 'AMENT_PREFIX_PATH': '/home/amejiyo/GitHub/DL501Project/install/interfaces:/home/amejiyo/GitHub/DL501Project/install/fine_detect:/home/amejiyo/yolobot/install/yolobot_recognition:/home/amejiyo/yolobot/install/yolobot_gazebo:/home/amejiyo/yolobot/install/yolobot_description:/home/amejiyo/yolobot/install/yolobot_control:/home/amejiyo/yolobot/install/interfaces:/home/amejiyo/ros2_ws/install/vision_opencv:/home/amejiyo/ros2_ws/install/py_pubsub:/home/amejiyo/ros2_ws/install/opencv_tests:/home/amejiyo/ros2_ws/install/my_package:/home/amejiyo/ros2_ws/install/image_geometry:/home/amejiyo/ros2_ws/install/gazebo_dev:/home/amejiyo/ros2_ws/install/dolly:/home/amejiyo/ros2_ws/install/dolly_ignition:/home/amejiyo/ros2_ws/install/dolly_gazebo:/home/amejiyo/ros2_ws/install/dolly_follow:/home/amejiyo/ros2_ws/install/detection_interfaces:/home/amejiyo/ros2_ws/install/detection_interface:/home/amejiyo/ros2_ws/install/detection:/home/amejiyo/ros2_ws/install/cv_bridge:/home/amejiyo/ros2_ws/install/camera_calibration_parsers:/opt/ros/foxy', 'SHELL': '/bin/bash', 'LC_NAME': 'th_TH.UTF-8', 'QT_ACCESSIBILITY': '1', 'GDMSESSION': 'ubuntu', 'LESSCLOSE': '/usr/bin/lesspipe %s %s', 'IGN_GAZEBO_RESOURCE_PATH': '/home/amejiyo/ros2_ws/install/dolly_ignition/share/dolly_ignition/worlds:/home/amejiyo/ros2_ws/install/dolly_ignition/share/dolly_ignition/models', 'LC_MEASUREMENT': 'th_TH.UTF-8', 'GPG_AGENT_INFO': '/run/user/1000/gnupg/S.gpg-agent:0:1', 'GAZEBO_RESOURCE_PATH': '/home/amejiyo/ros2_ws/install/dolly_gazebo/share/dolly_gazebo/worlds:/usr/share/gazebo-11:', 'LC_IDENTIFICATION': 'th_TH.UTF-8', 'GAZEBO_MODEL_DATABASE_URI': 'http://models.gazebosim.org', 'QT_IM_MODULE': 'ibus', 'PWD': '/home/amejiyo/GitHub/DL501Project/build/fine_detect', 'LC_ALL': 'en_US.UTF-8', 'XDG_CONFIG_DIRS': '/etc/xdg/xdg-ubuntu:/etc/xdg', 'SDF_PATH': '/home/amejiyo/ros2_ws/install/dolly_ignition/share/dolly_ignition/worlds:/home/amejiyo/ros2_ws/install/dolly_ignition/share/dolly_ignition/models', 'GAZEBO_PLUGIN_PATH': '/usr/lib/x86_64-linux-gnu/gazebo-11/plugins:', 'DBUS_STARTER_ADDRESS': 'unix:path=/run/user/1000/bus,guid=dba6df76e73798a05405e039626a4abf', 'XDG_DATA_DIRS': '/usr/share/ubuntu:/usr/local/share/:/usr/share/:/var/lib/snapd/desktop', 'MESA_GL_VERSION_OVERRIDE': '3.3', 'PYTHONPATH': '/home/amejiyo/GitHub/DL501Project/install/fine_detect/lib/python3.8/site-packages:/home/amejiyo/GitHub/DL501Project/install/fine_detect/lib/python3.8/site-packages:/home/amejiyo/yolobot/install/yolobot_recognition/lib/python3.8/site-packages:/home/amejiyo/yolobot/install/interfaces/lib/python3.8/site-packages:/home/amejiyo/ros2_ws/install/py_pubsub/lib/python3.8/site-packages:/home/amejiyo/ros2_ws/install/opencv_tests/lib/python3.8/site-packages:/home/amejiyo/ros2_ws/install/image_geometry/lib/python3.8/site-packages:/home/amejiyo/ros2_ws/install/detection_interfaces/lib/python3.8/site-packages:/home/amejiyo/ros2_ws/install/detection_interface/lib/python3.8/site-packages:/home/amejiyo/ros2_ws/install/detection/lib/python3.8/site-packages:/home/amejiyo/ros2_ws/install/cv_bridge/lib/python3.8/site-packages:/opt/ros/foxy/lib/python3.8/site-packages', 'LC_NUMERIC': 'th_TH.UTF-8', 'LC_PAPER': 'th_TH.UTF-8', 'COLCON': '1', 'VTE_VERSION': '6003', 'CMAKE_PREFIX_PATH': '/home/amejiyo/GitHub/DL501Project/install/interfaces:/home/amejiyo/yolobot/install/yolobot_gazebo:/home/amejiyo/yolobot/install/yolobot_description:/home/amejiyo/yolobot/install/yolobot_control:/home/amejiyo/yolobot/install/interfaces:/home/amejiyo/ros2_ws/install/vision_opencv:/home/amejiyo/ros2_ws/install/my_package:/home/amejiyo/ros2_ws/install/image_geometry:/home/amejiyo/ros2_ws/install/gazebo_dev:/home/amejiyo/ros2_ws/install/dolly:/home/amejiyo/ros2_ws/install/dolly_ignition:/home/amejiyo/ros2_ws/install/dolly_gazebo:/home/amejiyo/ros2_ws/install/dolly_follow:/home/amejiyo/ros2_ws/install/detection_interfaces:/home/amejiyo/ros2_ws/install/detection_interface:/home/amejiyo/ros2_ws/install/cv_bridge:/home/amejiyo/ros2_ws/install/camera_calibration_parsers'}, 'shell': False}
[0.701486] (-) TimerEvent: {}
[0.751072] (interfaces) StdoutLine: {'line': b'-- Using all available rosidl_typesupport_cpp: rosidl_typesupport_fastrtps_cpp;rosidl_typesupport_introspection_cpp\n'}
[0.798326] (interfaces) StdoutLine: {'line': b'-- Found PythonInterp: /usr/bin/python3 (found version "3.8.10") \n'}
[0.801620] (-) TimerEvent: {}
[0.853569] (fine_detect) StdoutLine: {'line': b'running egg_info\n'}
[0.854030] (fine_detect) StdoutLine: {'line': b'writing ../../build/fine_detect/fine_detect.egg-info/PKG-INFO\n'}
[0.854425] (fine_detect) StdoutLine: {'line': b'writing dependency_links to ../../build/fine_detect/fine_detect.egg-info/dependency_links.txt\n'}
[0.854978] (fine_detect) StdoutLine: {'line': b'writing entry points to ../../build/fine_detect/fine_detect.egg-info/entry_points.txt\n'}
[0.855211] (fine_detect) StdoutLine: {'line': b'writing requirements to ../../build/fine_detect/fine_detect.egg-info/requires.txt\n'}
[0.855319] (fine_detect) StdoutLine: {'line': b'writing top-level names to ../../build/fine_detect/fine_detect.egg-info/top_level.txt\n'}
[0.883155] (fine_detect) StdoutLine: {'line': b"reading manifest file '../../build/fine_detect/fine_detect.egg-info/SOURCES.txt'\n"}
[0.883459] (fine_detect) StdoutLine: {'line': b"writing manifest file '../../build/fine_detect/fine_detect.egg-info/SOURCES.txt'\n"}
[0.883856] (fine_detect) StdoutLine: {'line': b'running build\n'}
[0.884077] (fine_detect) StdoutLine: {'line': b'running build_py\n'}
[0.884184] (fine_detect) StdoutLine: {'line': b'running install\n'}
[0.884420] (fine_detect) StdoutLine: {'line': b'running install_lib\n'}
[0.885737] (fine_detect) StdoutLine: {'line': b'running install_data\n'}
[0.886345] (fine_detect) StdoutLine: {'line': b'running install_egg_info\n'}
[0.887798] (fine_detect) StdoutLine: {'line': b"removing '/home/amejiyo/GitHub/DL501Project/install/fine_detect/lib/python3.8/site-packages/fine_detect-0.0.0-py3.8.egg-info' (and everything under it)\n"}
[0.888293] (fine_detect) StdoutLine: {'line': b'Copying ../../build/fine_detect/fine_detect.egg-info to /home/amejiyo/GitHub/DL501Project/install/fine_detect/lib/python3.8/site-packages/fine_detect-0.0.0-py3.8.egg-info\n'}
[0.888664] (fine_detect) StdoutLine: {'line': b'running install_scripts\n'}
[0.901381] (fine_detect) StdoutLine: {'line': b"writing list of installed files to '/home/amejiyo/GitHub/DL501Project/build/fine_detect/install.log'\n"}
[0.901614] (-) TimerEvent: {}
[0.926530] (fine_detect) CommandEnded: {'returncode': 0}
[0.939938] (interfaces) StderrLine: {'line': b'CMake Error at /opt/ros/foxy/share/rosidl_adapter/cmake/rosidl_adapt_interfaces.cmake:60 (message):\n'}
[0.940132] (interfaces) StderrLine: {'line': b'  execute_process(/usr/bin/python3 -m rosidl_adapter --package-name\n'}
[0.940232] (interfaces) StderrLine: {'line': b'  interfaces --arguments-file\n'}
[0.940355] (interfaces) StderrLine: {'line': b'  /home/amejiyo/GitHub/DL501Project/build/interfaces/rosidl_adapter__arguments__interfaces.json\n'}
[0.940423] (interfaces) StderrLine: {'line': b'  --output-dir\n'}
[0.940506] (interfaces) StderrLine: {'line': b'  /home/amejiyo/GitHub/DL501Project/build/interfaces/rosidl_adapter/interfaces\n'}
[0.940557] (interfaces) StderrLine: {'line': b'  --output-file\n'}
[0.940957] (interfaces) StderrLine: {'line': b'  /home/amejiyo/GitHub/DL501Project/build/interfaces/rosidl_adapter/interfaces.idls)\n'}
[0.941729] (interfaces) StderrLine: {'line': b'  returned error code 1:\n'}
[0.941807] (interfaces) StderrLine: {'line': b'\n'}
[0.941933] (interfaces) StderrLine: {'line': b"  Error processing 'float64 confidence //confidencial score' of\n"}
[0.941999] (interfaces) StderrLine: {'line': b"  'interfaces/Detect': 'value '//confidencial score' can not be converted to\n"}
[0.942047] (interfaces) StderrLine: {'line': b"  type 'float64': must be a floating point number using '.' as the separator'\n"}
[0.942094] (interfaces) StderrLine: {'line': b'\n'}
[0.942141] (interfaces) StderrLine: {'line': b'  Traceback (most recent call last):\n'}
[0.942187] (interfaces) StderrLine: {'line': b'\n'}
[0.942233] (interfaces) StderrLine: {'line': b'    File "/opt/ros/foxy/lib/python3.8/site-packages/rosidl_adapter/parser.py", line 722, in parse_primitive_value_string\n'}
[0.942280] (interfaces) StderrLine: {'line': b'      return float(value_string)\n'}
[0.942327] (interfaces) StderrLine: {'line': b'\n'}
[0.942372] (interfaces) StderrLine: {'line': b"  ValueError: could not convert string to float: '//confidencial score'\n"}
[0.942418] (interfaces) StderrLine: {'line': b'\n'}
[0.942464] (interfaces) StderrLine: {'line': b'  \n'}
[0.942511] (interfaces) StderrLine: {'line': b'\n'}
[0.942560] (interfaces) StderrLine: {'line': b'  During handling of the above exception, another exception occurred:\n'}
[0.942607] (interfaces) StderrLine: {'line': b'\n'}
[0.942652] (interfaces) StderrLine: {'line': b'  \n'}
[0.942698] (interfaces) StderrLine: {'line': b'\n'}
[0.942744] (interfaces) StderrLine: {'line': b'  Traceback (most recent call last):\n'}
[0.942804] (interfaces) StderrLine: {'line': b'\n'}
[0.942850] (interfaces) StderrLine: {'line': b'    File "/usr/lib/python3.8/runpy.py", line 194, in _run_module_as_main\n'}
[0.942896] (interfaces) StderrLine: {'line': b'      return _run_code(code, main_globals, None,\n'}
[0.942942] (interfaces) StderrLine: {'line': b'    File "/usr/lib/python3.8/runpy.py", line 87, in _run_code\n'}
[0.942989] (interfaces) StderrLine: {'line': b'      exec(code, run_globals)\n'}
[0.943035] (interfaces) StderrLine: {'line': b'    File "/opt/ros/foxy/lib/python3.8/site-packages/rosidl_adapter/__main__.py", line 19, in <module>\n'}
[0.943082] (interfaces) StderrLine: {'line': b'      sys.exit(main())\n'}
[0.943128] (interfaces) StderrLine: {'line': b'    File "/opt/ros/foxy/lib/python3.8/site-packages/rosidl_adapter/main.py", line 53, in main\n'}
[0.943174] (interfaces) StderrLine: {'line': b'      abs_idl_file = convert_to_idl(\n'}
[0.943220] (interfaces) StderrLine: {'line': b'    File "/opt/ros/foxy/lib/python3.8/site-packages/rosidl_adapter/__init__.py", line 19, in convert_to_idl\n'}
[0.943267] (interfaces) StderrLine: {'line': b'      return convert_msg_to_idl(\n'}
[0.943313] (interfaces) StderrLine: {'line': b'    File "/opt/ros/foxy/lib/python3.8/site-packages/rosidl_adapter/msg/__init__.py", line 28, in convert_msg_to_idl\n'}
[0.943359] (interfaces) StderrLine: {'line': b'      msg = parse_message_string(package_name, input_file.stem, content)\n'}
[0.943405] (interfaces) StderrLine: {'line': b'    File "/opt/ros/foxy/lib/python3.8/site-packages/rosidl_adapter/parser.py", line 515, in parse_message_string\n'}
[0.943451] (interfaces) StderrLine: {'line': b'      fields.append(Field(\n'}
[0.943497] (interfaces) StderrLine: {'line': b'    File "/opt/ros/foxy/lib/python3.8/site-packages/rosidl_adapter/parser.py", line 360, in __init__\n'}
[0.943543] (interfaces) StderrLine: {'line': b'      self.default_value = parse_value_string(\n'}
[0.943589] (interfaces) StderrLine: {'line': b'    File "/opt/ros/foxy/lib/python3.8/site-packages/rosidl_adapter/parser.py", line 587, in parse_value_string\n'}
[0.943635] (interfaces) StderrLine: {'line': b'      return parse_primitive_value_string(type_, value_string)\n'}
[0.943682] (interfaces) StderrLine: {'line': b'    File "/opt/ros/foxy/lib/python3.8/site-packages/rosidl_adapter/parser.py", line 724, in parse_primitive_value_string\n'}
[0.943743] (interfaces) StderrLine: {'line': b'      raise InvalidValue(\n'}
[0.943790] (interfaces) StderrLine: {'line': b'\n'}
[0.943836] (interfaces) StderrLine: {'line': b"  rosidl_adapter.parser.InvalidValue: value '//confidencial score' can not be\n"}
[0.943883] (interfaces) StderrLine: {'line': b"  converted to type 'float64': must be a floating point number using '.' as\n"}
[0.943929] (interfaces) StderrLine: {'line': b'  the separator\n'}
[0.943976] (interfaces) StderrLine: {'line': b'\n'}
[0.944022] (interfaces) StderrLine: {'line': b'Call Stack (most recent call first):\n'}
[0.944067] (interfaces) StderrLine: {'line': b'  /opt/ros/foxy/share/rosidl_cmake/cmake/rosidl_generate_interfaces.cmake:130 (rosidl_adapt_interfaces)\n'}
[0.944139] (interfaces) StderrLine: {'line': b'  CMakeLists.txt:38 (rosidl_generate_interfaces)\n'}
[0.944280] (interfaces) StderrLine: {'line': b'\n'}
[0.944359] (interfaces) StderrLine: {'line': b'\n'}
[0.944452] (interfaces) StdoutLine: {'line': b'-- Configuring incomplete, errors occurred!\n'}
[0.944507] (interfaces) StdoutLine: {'line': b'See also "/home/amejiyo/GitHub/DL501Project/build/interfaces/CMakeFiles/CMakeOutput.log".\n'}
[0.944564] (fine_detect) JobEnded: {'identifier': 'fine_detect', 'rc': 0}
[0.948235] (interfaces) StderrLine: {'line': b'make: *** [Makefile:222: cmake_check_build_system] Error 1\n'}
[0.950788] (interfaces) CommandEnded: {'returncode': 2}
[0.991918] (interfaces) JobEnded: {'identifier': 'interfaces', 'rc': 2}
[1.001870] (-) TimerEvent: {}
[1.003343] (-) EventReactorShutdown: {}
