[0.252s] Invoking command in '/home/amejiyo/GitHub/DL501Project/build/interfaces': CMAKE_PREFIX_PATH=${CMAKE_PREFIX_PATH}:/home/amejiyo/GitHub/DL501Project/install/fine_detect:/home/amejiyo/yolobot/install/yolobot_recognition:/home/amejiyo/ros2_ws/install/py_pubsub:/home/amejiyo/ros2_ws/install/opencv_tests:/home/amejiyo/ros2_ws/install/detection:/opt/ros/foxy /usr/bin/cmake --build /home/amejiyo/GitHub/DL501Project/build/interfaces -- -j16 -l16
[0.281s] -- Found ament_cmake: 0.9.9 (/opt/ros/foxy/share/ament_cmake/cmake)
[0.311s] -- Using PYTHON_EXECUTABLE: /usr/bin/python3
[0.499s] -- Found ament_lint_auto: 0.9.6 (/opt/ros/foxy/share/ament_lint_auto/cmake)
[0.613s] -- Found rosidl_default_generators: 1.0.1 (/opt/ros/foxy/share/rosidl_default_generators/cmake)
[0.618s] -- Using all available rosidl_typesupport_c: rosidl_typesupport_fastrtps_c;rosidl_typesupport_introspection_c
[0.622s] -- Found rosidl_adapter: 1.2.1 (/opt/ros/foxy/share/rosidl_adapter/cmake)
[0.753s] -- Using all available rosidl_typesupport_cpp: rosidl_typesupport_fastrtps_cpp;rosidl_typesupport_introspection_cpp
[0.802s] -- Found PythonInterp: /usr/bin/python3 (found version "3.8.10") 
[0.937s] CMake Error at /opt/ros/foxy/share/rosidl_adapter/cmake/rosidl_adapt_interfaces.cmake:60 (message):
[0.937s]   execute_process(/usr/bin/python3 -m rosidl_adapter --package-name
[0.937s]   interfaces --arguments-file
[0.937s]   /home/amejiyo/GitHub/DL501Project/build/interfaces/rosidl_adapter__arguments__interfaces.json
[0.938s]   --output-dir
[0.938s]   /home/amejiyo/GitHub/DL501Project/build/interfaces/rosidl_adapter/interfaces
[0.938s]   --output-file
[0.938s]   /home/amejiyo/GitHub/DL501Project/build/interfaces/rosidl_adapter/interfaces.idls)
[0.938s]   returned error code 1:
[0.939s] 
[0.939s]   Error processing 'float64 confidence //confidencial score' of
[0.939s]   'interfaces/Detect': 'value '//confidencial score' can not be converted to
[0.939s]   type 'float64': must be a floating point number using '.' as the separator'
[0.939s] 
[0.939s]   Traceback (most recent call last):
[0.939s] 
[0.939s]     File "/opt/ros/foxy/lib/python3.8/site-packages/rosidl_adapter/parser.py", line 722, in parse_primitive_value_string
[0.940s]       return float(value_string)
[0.940s] 
[0.940s]   ValueError: could not convert string to float: '//confidencial score'
[0.940s] 
[0.940s]   
[0.940s] 
[0.940s]   During handling of the above exception, another exception occurred:
[0.940s] 
[0.940s]   
[0.941s] 
[0.941s]   Traceback (most recent call last):
[0.941s] 
[0.941s]     File "/usr/lib/python3.8/runpy.py", line 194, in _run_module_as_main
[0.941s]       return _run_code(code, main_globals, None,
[0.941s]     File "/usr/lib/python3.8/runpy.py", line 87, in _run_code
[0.942s]       exec(code, run_globals)
[0.942s]     File "/opt/ros/foxy/lib/python3.8/site-packages/rosidl_adapter/__main__.py", line 19, in <module>
[0.942s]       sys.exit(main())
[0.942s]     File "/opt/ros/foxy/lib/python3.8/site-packages/rosidl_adapter/main.py", line 53, in main
[0.942s]       abs_idl_file = convert_to_idl(
[0.942s]     File "/opt/ros/foxy/lib/python3.8/site-packages/rosidl_adapter/__init__.py", line 19, in convert_to_idl
[0.942s]       return convert_msg_to_idl(
[0.942s]     File "/opt/ros/foxy/lib/python3.8/site-packages/rosidl_adapter/msg/__init__.py", line 28, in convert_msg_to_idl
[0.943s]       msg = parse_message_string(package_name, input_file.stem, content)
[0.943s]     File "/opt/ros/foxy/lib/python3.8/site-packages/rosidl_adapter/parser.py", line 515, in parse_message_string
[0.943s]       fields.append(Field(
[0.943s]     File "/opt/ros/foxy/lib/python3.8/site-packages/rosidl_adapter/parser.py", line 360, in __init__
[0.943s]       self.default_value = parse_value_string(
[0.943s]     File "/opt/ros/foxy/lib/python3.8/site-packages/rosidl_adapter/parser.py", line 587, in parse_value_string
[0.943s]       return parse_primitive_value_string(type_, value_string)
[0.943s]     File "/opt/ros/foxy/lib/python3.8/site-packages/rosidl_adapter/parser.py", line 724, in parse_primitive_value_string
[0.943s]       raise InvalidValue(
[0.943s] 
[0.943s]   rosidl_adapter.parser.InvalidValue: value '//confidencial score' can not be
[0.944s]   converted to type 'float64': must be a floating point number using '.' as
[0.944s]   the separator
[0.944s] 
[0.944s] Call Stack (most recent call first):
[0.944s]   /opt/ros/foxy/share/rosidl_cmake/cmake/rosidl_generate_interfaces.cmake:130 (rosidl_adapt_interfaces)
[0.944s]   CMakeLists.txt:38 (rosidl_generate_interfaces)
[0.944s] 
[0.944s] 
[0.944s] -- Configuring incomplete, errors occurred!
[0.944s] See also "/home/amejiyo/GitHub/DL501Project/build/interfaces/CMakeFiles/CMakeOutput.log".
[0.946s] make: *** [Makefile:222: cmake_check_build_system] Error 1
[0.950s] Invoked command in '/home/amejiyo/GitHub/DL501Project/build/interfaces' returned '2': CMAKE_PREFIX_PATH=${CMAKE_PREFIX_PATH}:/home/amejiyo/GitHub/DL501Project/install/fine_detect:/home/amejiyo/yolobot/install/yolobot_recognition:/home/amejiyo/ros2_ws/install/py_pubsub:/home/amejiyo/ros2_ws/install/opencv_tests:/home/amejiyo/ros2_ws/install/detection:/opt/ros/foxy /usr/bin/cmake --build /home/amejiyo/GitHub/DL501Project/build/interfaces -- -j16 -l16
